INFO    : PreTeXt project found in `/workspaces/MATH1120`.
WARNING : Using CLI version 2.3.6 but project's `requirements.txt`
WARNING : is configured to use 1.5.2. Consider either installing
WARNING : CLI version 1.5.2 or running `pretext init --refresh`
WARNING : to update `requirements.txt` to match 2.3.6.
INFO    : Preparing to build into /workspaces/MATH1120/output/web.
INFO    : discovering source file's directory name: /workspaces/MATH1120/source
INFO    : verifying and expanding input directory: /workspaces/MATH1120/source/../generated-assets
INFO    : input directory expanded to absolute path: /workspaces/MATH1120/generated-assets
INFO    : verifying and expanding input directory: /workspaces/MATH1120/source/../external
INFO    : input directory expanded to absolute path: /workspaces/MATH1120/external
INFO    : Runestone Services (via PreTeXt repository): version 7.2.9
INFO    : Runestone Services (using newer, via online CDN query): version 7.2.14
INFO    : converting /workspaces/MATH1120/source/main.ptx to HTML in /tmp/tmpq5g70z7i
INFO    : XSL conversion of /workspaces/MATH1120/source/main.ptx by /home/vscode/.ptx/xsl/pretext-html.xsl
INFO    : comprehensive messages, warnings, and errors:
INFO    :     * PTX:ERROR: the @xml:id value "sage-exp-plot" should be unique, but is authored 2 times.
INFO    :     *            Results will be unpredictable, and likely incorrect.  Information on the locations follows:
INFO    :     *              located within: "sage-exp-plot" (xml:id)
INFO    :     *              located within: "sage-exp-plot" (xml:id)
INFO    :     * PTX:ERROR:      The @xml:id "eq-e0.3" is invalid.  Use only letters, numbers, hyphens and underscores.
INFO    :     * PTX:ERROR:      The @xml:id "domain_y_lt_x-1.svg" is invalid.  Use only letters, numbers, hyphens and underscores.
INFO    :     * PTX:DEPRECATE: (2022-04-25) a "@label" attribute (on a "ul" or "ol" element) has been deprecated and should be replaced by the functionally equivalent "@marker".  We will attempt to honor your request (14 times)
INFO    :     *              located within: "Functions-of-Two-Variables" (xml:id), "Functions of Two Variables" (title)
INFO    :     *              located within: "Functions-of-Two-Variables" (xml:id), "Functions of Two Variables" (title)
INFO    :     *              located within: "Functions-of-Two-Variables" (xml:id), "Functions of Two Variables" (title)
INFO    :     *              located within: "Functions-of-Two-Variables" (xml:id), "Functions of Two Variables" (title)
INFO    :     *              located within: "Functions-of-Two-Variables" (xml:id), "Functions of Two Variables" (title)
INFO    :     *              located within: "Functions-of-Two-Variables" (xml:id), "Functions of Two Variables" (title)
INFO    :     *              located within: "Functions-of-Two-Variables" (xml:id), "Functions of Two Variables" (title)
INFO    :     *              located within: "Functions-of-Two-Variables" (xml:id), "Functions of Two Variables" (title)
INFO    :     *              located within: "Functions-of-Two-Variables" (xml:id), "Functions of Two Variables" (title)
INFO    :     *              located within: "Functions-of-Two-Variables" (xml:id), "Functions of Two Variables" (title)
INFO    :     *              located within: "Functions-of-Two-Variables" (xml:id), "Functions of Two Variables" (title)
INFO    :     *              located within: "Functions-of-Two-Variables" (xml:id), "Functions of Two Variables" (title)
INFO    :     *              located within: "Example Tasks" (title)
INFO    :     *              located within: "level-curves" (xml:id), "Level Curves" (title)
INFO    :     * --------------
INFO    : successful application of /home/vscode/.ptx/xsl/pretext-html.xsl
INFO    : 
Success! Run `pretext view` to see the results.

