WARNING : Using CLI version 2.13.0 but project's `requirements.txt`
WARNING : is configured to use 1.5.2. Consider either installing
WARNING : CLI version 1.5.2 or running `pretext update`
WARNING : to update `requirements.txt` and other managed files to match 2.13.0.
INFO    : Building target print-latex
INFO    : Generating any needed assets.
INFO    : Finished generating assets.

INFO    : Preparing to build into C:\Users\fb504\MATH1120-PreTeXt\MATH1120\output\print-latex.
INFO    : XSL conversion of C:\Users\fb504\MATH1120-PreTeXt\MATH1120\source\main.ptx by C:\Users\fb504\.ptx\2.13.0\core\xsl\utilities\report-publisher-variables.xsl
INFO    : successful application of C:\Users\fb504\.ptx\2.13.0\core\xsl\utilities\report-publisher-variables.xsl
INFO    : converting C:\Users\fb504\MATH1120-PreTeXt\MATH1120\source\main.ptx to LaTeX as C:/Users/fb504/MATH1120-PreTeXt/MATH1120/output/print-latex\main.tex
INFO    : XSL conversion of C:\Users\fb504\MATH1120-PreTeXt\MATH1120\source\main.ptx by C:\Users\fb504\.ptx\2.13.0\core\xsl\pretext-latex.xsl
INFO    : messages from the log for XSL processing:
INFO    : * PTX:INFO:   checking ONLY the last TWO YEARS of element deprecations.
Rerun with the string parameter "author.deprecations.all" set to "yes" to check your source against all deprecations.
WARNING : * PTX:DEPRECATE: (2024-10-08) elements previously included in a "titlepage" element inside the "frontmatter" (author, editor, credit, date, and event) should now be placed in "frontmatter/bibinfo".  To ensure a title page is created, put only the empty element "titlepage-items" inside "titlepage".  Until you move these elements, we will try to honor your intent. (1 time)
INFO    : *              located within: "frontmatter" (xml:id)
INFO    : * --------------
WARNING : * PTX:DEPRECATE: (2024-07-12) the html/css/@style publication file entry has been deprecated for replacement by @theme. See the Guide for theme options.
INFO    : * --------------
INFO    : successful application of C:\Users\fb504\.ptx\2.13.0\core\xsl\pretext-latex.xsl
INFO    : Removing temporary directory C:\Users\fb504\AppData\Local\Temp\1\ptx-s4vu5v9f
INFO    : 
Success! Run `pretext view` to see the results.

INFO    : 
