WARNING : Using CLI version 2.13.0 but project's `requirements.txt`
WARNING : is configured to use 1.5.2. Consider either installing
WARNING : CLI version 1.5.2 or running `pretext update`
WARNING : to update `requirements.txt` and other managed files to match 2.13.0.
INFO    : Building target web
INFO    : Generating any needed assets.
INFO    : Finished generating assets.

INFO    : Preparing to build into C:\Users\fb504\MATH1120-PreTeXt\MATH1120\output\web.
WARNING : Node.js must be installed to build CSS files.  Please install node.js and npm.
 Will try to use prebuilt CSS files instead.
WARNING : Cannot find npm.  Will try to use prebuilt CSS files instead.
CRITICAL: Unable to install required npm packages to build css files.  To use your selected HTML theme, you must have node.js and npm installed.
CRITICAL: 
INFO    : discovering source file's directory name: C:\Users\fb504\MATH1120-PreTeXt\MATH1120\source
INFO    : verifying and expanding input directory: C:\Users\fb504\MATH1120-PreTeXt\MATH1120\source\../generated-assets
INFO    : input directory expanded to absolute path: C:\Users\fb504\MATH1120-PreTeXt\MATH1120\generated-assets
INFO    : verifying and expanding input directory: C:\Users\fb504\MATH1120-PreTeXt\MATH1120\source\../external
INFO    : input directory expanded to absolute path: C:\Users\fb504\MATH1120-PreTeXt\MATH1120\external
INFO    : Runestone Services via online CDN query: version 7.8.4
INFO    : Downloading Runestone Services, version 7.8.4
INFO    : Extracting Runestone Services from archive file
INFO    : XSL conversion of C:\Users\fb504\MATH1120-PreTeXt\MATH1120\source\main.ptx by C:\Users\fb504\.ptx\2.13.0\core\xsl\utilities\report-publisher-variables.xsl
INFO    : messages from the log for XSL processing:
ERROR   : * PTX:ERROR: the @xml:id value "sage-exp-plot" should be unique, but is authored multiple times.
INFO    : *            Results will be unpredictable, and likely incorrect.  Information on the locations follows:
INFO    : successful application of C:\Users\fb504\.ptx\2.13.0\core\xsl\utilities\report-publisher-variables.xsl
INFO    : converting C:\Users\fb504\MATH1120-PreTeXt\MATH1120\source\main.ptx to HTML in C:\Users\fb504\AppData\Local\Temp\1\ptx-tat0131v
INFO    : XSL conversion of C:\Users\fb504\MATH1120-PreTeXt\MATH1120\source\main.ptx by C:\Users\fb504\.ptx\2.13.0\core\xsl\pretext-html.xsl
INFO    : messages from the log for XSL processing:
ERROR   : * PTX:ERROR: the @xml:id value "sage-exp-plot" should be unique, but is authored multiple times.
INFO    : *            Results will be unpredictable, and likely incorrect.  Information on the locations follows:
INFO    : *              located within: "sage-exp-plot" (xml:id)
INFO    : *              located within: "sage-exp-plot" (xml:id)
INFO    : * PTX:INFO:   checking ONLY the last TWO YEARS of element deprecations.
Rerun with the string parameter "author.deprecations.all" set to "yes" to check your source against all deprecations.
ERROR   : * PTX:ERROR:      The @xml:id "eq-e0.3" is invalid.  Use only letters, numbers, hyphens and underscores.
WARNING : * PTX:DEPRECATE: (2024-10-08) elements previously included in a "titlepage" element inside the "frontmatter" (author, editor, credit, date, and event) should now be placed in "frontmatter/bibinfo".  To ensure a title page is created, put only the empty element "titlepage-items" inside "titlepage".  Until you move these elements, we will try to honor your intent. (1 time)
INFO    : *              located within: "frontmatter" (xml:id)
INFO    : * --------------
WARNING : * PTX:DEPRECATE: (2024-07-12) the html/css/@style publication file entry has been deprecated for replacement by @theme. See the Guide for theme options.
INFO    : * --------------
INFO    : successful application of C:\Users\fb504\.ptx\2.13.0\core\xsl\pretext-html.xsl
INFO    : Removing temporary directory C:\Users\fb504\AppData\Local\Temp\1\ptx-tat0131v
INFO    : Removing temporary directory C:\Users\fb504\AppData\Local\Temp\1\ptx-8fret5n5
INFO    : 
Success! Run `pretext view` to see the results.

INFO    : 
----------------------------------------------------
INFO    : While running pretext, the following errors occurred:

INFO    : (see log messages above or in the 'logs' folder for more information)
INFO    : ----------------------------------------------------
